{
  "stats": {
    "suites": 40,
    "tests": 175,
    "passes": 174,
    "pending": 0,
    "failures": 1,
    "testsRegistered": 175,
    "passPercent": 99.42857142857143,
    "pendingPercent": 0,
    "other": 0,
    "hasOther": false,
    "skipped": 0,
    "hasSkipped": false,
    "start": "2023-10-16T17:46:51.212Z",
    "end": "2023-10-16T17:52:32.391Z",
    "duration": 341179
  },
  "results": [
    {
      "uuid": "f8975722-4065-49ae-9374-d182638951af",
      "title": "",
      "fullFile": "cypress\\e2e\\automation-test-store\\alias-invoke.js",
      "file": "cypress\\e2e\\automation-test-store\\alias-invoke.js",
      "beforeHooks": [],
      "afterHooks": [],
      "tests": [],
      "suites": [
        {
          "uuid": "eacfce82-36de-47f6-b923-9515cf195feb",
          "title": "Alias and invoke",
          "fullFile": "",
          "file": "",
          "beforeHooks": [],
          "afterHooks": [],
          "tests": [
            {
              "title": "Calculate total of normal and sale products",
              "fullTitle": "Alias and invoke Calculate total of normal and sale products",
              "timedOut": null,
              "duration": 3702,
              "state": "passed",
              "speed": "fast",
              "pass": true,
              "fail": false,
              "pending": false,
              "context": null,
              "code": "cy.visit(\"https://www.automationteststore.com/\");\ncy.get('.thumbnail').as('productThumbnail');\ncy.get('@productThumbnail').should('have.length', 16);\n// cy.get('@productThumbnail').find('.oneprice').each(($el, index, $list) => {\n//     cy.log($el.text())\n// })\ncy.get('.thumbnail').find('.oneprice').invoke('text').as('itemPrice');\ncy.get('.thumbnail').find('.pricenew').invoke('text').as('selItemPrices');\nvar itemsTotal = 0;\ncy.get('@itemPrice').then($linkText => {\n  var itemsPricesTotal = 0;\n  var itemPrice = $linkText.split('$');\n  var i;\n  for (i = 0; i < itemPrice.length; i++) {\n    cy.log(itemPrice[i]);\n    itemsPricesTotal += Number(itemPrice[i]);\n  }\n  itemsTotal += itemsPricesTotal;\n  cy.log(\"Non sale price items total: \" + itemsPricesTotal);\n});\ncy.get('@selItemPrices').then($linkText => {\n  var selItemsPrices = 0;\n  var selItemPrices = $linkText.split('$');\n  var i;\n  for (i = 0; i < selItemPrices.length; i++) {\n    cy.log(selItemPrices[i]);\n    selItemsPrices += Number(selItemPrices[i]);\n  }\n  itemsTotal += selItemsPrices;\n  cy.log(\"SALE price items total: \" + selItemsPrices);\n}).then(() => {\n  cy.log(\" Non sale and SALE price items total: \" + itemsTotal);\n  expect(itemsTotal).to.equal(660.5);\n});",
              "err": {},
              "uuid": "636c3d50-9502-4dc3-b993-cd9766c007e3",
              "parentUUID": "eacfce82-36de-47f6-b923-9515cf195feb",
              "isHook": false,
              "skipped": false
            }
          ],
          "suites": [],
          "passes": [
            "636c3d50-9502-4dc3-b993-cd9766c007e3"
          ],
          "failures": [],
          "pending": [],
          "skipped": [],
          "duration": 3702,
          "root": false,
          "rootEmpty": false,
          "_timeout": 2000
        }
      ],
      "passes": [],
      "failures": [],
      "pending": [],
      "skipped": [],
      "duration": 0,
      "root": true,
      "rootEmpty": true,
      "_timeout": 2000
    },
    {
      "uuid": "183d8c2a-3b2e-4309-83bc-1d74269d3a64",
      "title": "",
      "fullFile": "cypress\\e2e\\automation-test-store\\contact-us.js",
      "file": "cypress\\e2e\\automation-test-store\\contact-us.js",
      "beforeHooks": [],
      "afterHooks": [],
      "tests": [],
      "suites": [
        {
          "uuid": "8b15208b-a609-4538-8c87-343278eb9104",
          "title": "Test contact US form via Automation test store",
          "fullFile": "",
          "file": "",
          "beforeHooks": [],
          "afterHooks": [],
          "tests": [
            {
              "title": "Should be able to subm,it a successful submission via contact us form",
              "fullTitle": "Test contact US form via Automation test store Should be able to subm,it a successful submission via contact us form",
              "timedOut": null,
              "duration": 10547,
              "state": "passed",
              "speed": "slow",
              "pass": true,
              "fail": false,
              "pending": false,
              "context": null,
              "code": "cy.visit(\"https://www.automationteststore.com/\");\ncy.get(\"a[href$='contact']\").should('be.visible').click().then(function (linkText) {\n  cy.log(\"Clicked on link using text: \" + linkText.text());\n  cy.log(\"11111111111111111111111111111111111111111111111111111111111111111\");\n});\ncy.get(\"@user\").then(user => {\n  cy.get('[name=\"first_name\"]').type(user.first_name);\n  cy.get('#ContactUsFrm_email').type(user.email);\n});\ncy.get('#ContactUsFrm_email').should('have.attr', 'name', 'email');\ncy.get('#ContactUsFrm_enquiry').type(\"njanjanjanjanjanjanjanjanjanjanjanja\");\ncy.get(\"button[title='Submit']\").click();\ncy.get(\".mb40 > p:nth-of-type(2)\").should('have.text', 'Your enquiry has been successfully sent to the store owner!');\ncy.log(\"Test has completed\");",
              "err": {},
              "uuid": "eebacfa0-78e8-4e0e-b11f-c93977c654ad",
              "parentUUID": "8b15208b-a609-4538-8c87-343278eb9104",
              "isHook": false,
              "skipped": false
            }
          ],
          "suites": [],
          "passes": [
            "eebacfa0-78e8-4e0e-b11f-c93977c654ad"
          ],
          "failures": [],
          "pending": [],
          "skipped": [],
          "duration": 10547,
          "root": false,
          "rootEmpty": false,
          "_timeout": 2000
        }
      ],
      "passes": [],
      "failures": [],
      "pending": [],
      "skipped": [],
      "duration": 0,
      "root": true,
      "rootEmpty": true,
      "_timeout": 2000
    },
    {
      "uuid": "3b2ce613-57c3-4ab0-a997-137964b5eb9b",
      "title": "",
      "fullFile": "cypress\\e2e\\automation-test-store\\inspect-item.js",
      "file": "cypress\\e2e\\automation-test-store\\inspect-item.js",
      "beforeHooks": [],
      "afterHooks": [],
      "tests": [],
      "suites": [
        {
          "uuid": "2dc4701e-28f7-40fd-be26-259ada1c4108",
          "title": "Inspect Automation Test Store items using chain of comandss",
          "fullFile": "",
          "file": "",
          "beforeHooks": [],
          "afterHooks": [],
          "tests": [
            {
              "title": "Click on first item using item header",
              "fullTitle": "Inspect Automation Test Store items using chain of comandss Click on first item using item header",
              "timedOut": null,
              "duration": 4718,
              "state": "passed",
              "speed": "fast",
              "pass": true,
              "fail": false,
              "pending": false,
              "context": null,
              "code": "cy.visit(\"https://www.automationteststore.com/\");\ncy.get('.prdocutname').contains('Skinsheen Bronzer Stick').click().then(function (itemHeaderText) {\n  console.log(\"Selected te following item: \" + itemHeaderText);\n});",
              "err": {},
              "uuid": "5b0298d3-19b3-456b-8af8-34e3dcf33598",
              "parentUUID": "2dc4701e-28f7-40fd-be26-259ada1c4108",
              "isHook": false,
              "skipped": false
            }
          ],
          "suites": [],
          "passes": [
            "5b0298d3-19b3-456b-8af8-34e3dcf33598"
          ],
          "failures": [],
          "pending": [],
          "skipped": [],
          "duration": 4718,
          "root": false,
          "rootEmpty": false,
          "_timeout": 2000
        }
      ],
      "passes": [],
      "failures": [],
      "pending": [],
      "skipped": [],
      "duration": 0,
      "root": true,
      "rootEmpty": true,
      "_timeout": 2000
    },
    {
      "uuid": "8b53aed4-bc1b-4f79-83ec-070dbeeae335",
      "title": "",
      "fullFile": "cypress\\e2e\\automation-test-store\\iterate-ver-elements.js",
      "file": "cypress\\e2e\\automation-test-store\\iterate-ver-elements.js",
      "beforeHooks": [],
      "afterHooks": [],
      "tests": [],
      "suites": [
        {
          "uuid": "a0c6fce5-6106-4e95-93ce-8d9e00343119",
          "title": "Iterate over element",
          "fullFile": "",
          "file": "",
          "beforeHooks": [],
          "afterHooks": [],
          "tests": [
            {
              "title": "Log information f all air care products",
              "fullTitle": "Iterate over element Log information f all air care products",
              "timedOut": null,
              "duration": 6417,
              "state": "passed",
              "speed": "medium",
              "pass": true,
              "fail": false,
              "pending": false,
              "context": null,
              "code": "cy.get('.fixed_wrapper .prdocutname').each(($el, index, $list) => {\n  cy.log(\"Index : \" + index + \" : \" + $el.text());\n});",
              "err": {},
              "uuid": "7a1d3367-56c5-43a9-bbf1-625b409838b6",
              "parentUUID": "a0c6fce5-6106-4e95-93ce-8d9e00343119",
              "isHook": false,
              "skipped": false
            },
            {
              "title": "Add specific product to basket",
              "fullTitle": "Iterate over element Add specific product to basket",
              "timedOut": null,
              "duration": 4235,
              "state": "passed",
              "speed": "fast",
              "pass": true,
              "fail": false,
              "pending": false,
              "context": null,
              "code": "// cy.get('.fixed_wrapper .prdocutname').each(($el, index, $list) => {\n//     if($el.text().includes('Curls to straight Shampoo')){\n//         cy.wrap($el).click()\n//     }\n// })\ncy.selectProduct('urls to straight Shampoo');",
              "err": {},
              "uuid": "1ab69739-c7cd-42a2-aa0b-671e74af5a2a",
              "parentUUID": "a0c6fce5-6106-4e95-93ce-8d9e00343119",
              "isHook": false,
              "skipped": false
            },
            {
              "title": "Add another specific product to basket",
              "fullTitle": "Iterate over element Add another specific product to basket",
              "timedOut": null,
              "duration": 4378,
              "state": "passed",
              "speed": "fast",
              "pass": true,
              "fail": false,
              "pending": false,
              "context": null,
              "code": "cy.selectProduct('Seaweed Conditioner');",
              "err": {},
              "uuid": "ccd6d176-b936-4049-a39d-e6e196cc2c56",
              "parentUUID": "a0c6fce5-6106-4e95-93ce-8d9e00343119",
              "isHook": false,
              "skipped": false
            },
            {
              "title": "Add another specific product to basket",
              "fullTitle": "Iterate over element Add another specific product to basket",
              "timedOut": null,
              "duration": 4637,
              "state": "passed",
              "speed": "fast",
              "pass": true,
              "fail": false,
              "pending": false,
              "context": null,
              "code": "cy.selectProduct('Eau Parfumee au The Vert Shampoo');",
              "err": {},
              "uuid": "d5a67fa8-1e68-40f2-82a3-003942c8750b",
              "parentUUID": "a0c6fce5-6106-4e95-93ce-8d9e00343119",
              "isHook": false,
              "skipped": false
            }
          ],
          "suites": [],
          "passes": [
            "7a1d3367-56c5-43a9-bbf1-625b409838b6",
            "1ab69739-c7cd-42a2-aa0b-671e74af5a2a",
            "ccd6d176-b936-4049-a39d-e6e196cc2c56",
            "d5a67fa8-1e68-40f2-82a3-003942c8750b"
          ],
          "failures": [],
          "pending": [],
          "skipped": [],
          "duration": 19667,
          "root": false,
          "rootEmpty": false,
          "_timeout": 2000
        }
      ],
      "passes": [],
      "failures": [],
      "pending": [],
      "skipped": [],
      "duration": 0,
      "root": true,
      "rootEmpty": true,
      "_timeout": 2000
    },
    {
      "uuid": "990846d0-9930-44e2-97a0-38d141aadcbb",
      "title": "",
      "fullFile": "cypress\\e2e\\automation-test-store\\variables-and-cy-commands.js",
      "file": "cypress\\e2e\\automation-test-store\\variables-and-cy-commands.js",
      "beforeHooks": [],
      "afterHooks": [],
      "tests": [],
      "suites": [
        {
          "uuid": "bb115634-03d1-428c-9662-0a873106ee88",
          "title": "Veryying variables cypress commands and jquery cmmands",
          "fullFile": "",
          "file": "",
          "beforeHooks": [],
          "afterHooks": [],
          "tests": [
            {
              "title": "Validate properties of the Contact Us Page",
              "fullTitle": "Veryying variables cypress commands and jquery cmmands Validate properties of the Contact Us Page",
              "timedOut": null,
              "duration": 4615,
              "state": "passed",
              "speed": "fast",
              "pass": true,
              "fail": false,
              "pending": false,
              "context": null,
              "code": "cy.visit(\"https://www.automationteststore.com/\");\ncy.get(\"a[href$='contact']\").should('be.visible').click();\n//cypress comand and chaining\ncy.contains('#ContactUsFrm', 'Contact Us Form').find('#field_11').should('contain', 'First name:');\n//JQuery Approach\ncy.contains('#ContactUsFrm', 'Contact Us Form').then(text => {\n  const firstNameText = text.find('#field_11').text();\n  expect(firstNameText).to.contain('First name:');\n  //Enable commands (closure)\n  cy.get('#field_11').then(finText => {\n    cy.log(finText.text());\n    cy.log(finText);\n  });\n});\n//Enable commands (closure)",
              "err": {},
              "uuid": "3261a9e5-500b-460f-98e8-9bb1ce024348",
              "parentUUID": "bb115634-03d1-428c-9662-0a873106ee88",
              "isHook": false,
              "skipped": false
            }
          ],
          "suites": [],
          "passes": [
            "3261a9e5-500b-460f-98e8-9bb1ce024348"
          ],
          "failures": [],
          "pending": [],
          "skipped": [],
          "duration": 4615,
          "root": false,
          "rootEmpty": false,
          "_timeout": 2000
        }
      ],
      "passes": [],
      "failures": [],
      "pending": [],
      "skipped": [],
      "duration": 0,
      "root": true,
      "rootEmpty": true,
      "_timeout": 2000
    },
    {
      "uuid": "39a4630d-6b1c-47cc-8c38-8e938eebd812",
      "title": "",
      "fullFile": "cypress\\e2e\\other\\hooks.js",
      "file": "cypress\\e2e\\other\\hooks.js",
      "beforeHooks": [],
      "afterHooks": [],
      "tests": [],
      "suites": [
        {
          "uuid": "68f7910f-e5fe-4367-8502-503b00bf75bf",
          "title": "hooks",
          "fullFile": "",
          "file": "",
          "beforeHooks": [],
          "afterHooks": [],
          "tests": [
            {
              "title": "Examle test 1",
              "fullTitle": "hooks Examle test 1",
              "timedOut": null,
              "duration": 84,
              "state": "passed",
              "speed": "fast",
              "pass": true,
              "fail": false,
              "pending": false,
              "context": null,
              "code": "cy.log(\"TEST1\");",
              "err": {},
              "uuid": "2c2369b8-e8ad-4f3b-95a6-f44b9d3e2deb",
              "parentUUID": "68f7910f-e5fe-4367-8502-503b00bf75bf",
              "isHook": false,
              "skipped": false
            },
            {
              "title": "Examle test 2",
              "fullTitle": "hooks Examle test 2",
              "timedOut": null,
              "duration": 15,
              "state": "passed",
              "speed": "fast",
              "pass": true,
              "fail": false,
              "pending": false,
              "context": null,
              "code": "cy.log(\"TEST2\");",
              "err": {},
              "uuid": "3b8c3ab0-024f-4c4d-a841-9b75b690d43f",
              "parentUUID": "68f7910f-e5fe-4367-8502-503b00bf75bf",
              "isHook": false,
              "skipped": false
            }
          ],
          "suites": [],
          "passes": [
            "2c2369b8-e8ad-4f3b-95a6-f44b9d3e2deb",
            "3b8c3ab0-024f-4c4d-a841-9b75b690d43f"
          ],
          "failures": [],
          "pending": [],
          "skipped": [],
          "duration": 99,
          "root": false,
          "rootEmpty": false,
          "_timeout": 2000
        }
      ],
      "passes": [],
      "failures": [],
      "pending": [],
      "skipped": [],
      "duration": 0,
      "root": true,
      "rootEmpty": true,
      "_timeout": 2000
    },
    {
      "uuid": "863b1b70-eee5-4506-acc3-697e4777b746",
      "title": "",
      "fullFile": "cypress\\e2e\\other\\same-origin-plicy22.js",
      "file": "cypress\\e2e\\other\\same-origin-plicy22.js",
      "beforeHooks": [],
      "afterHooks": [],
      "tests": [],
      "suites": [
        {
          "uuid": "a98f1910-dad7-446b-8fc7-ed7ffc03a79c",
          "title": "Cypress web security 2",
          "fullFile": "",
          "file": "",
          "beforeHooks": [],
          "afterHooks": [],
          "tests": [
            {
              "title": "Validate visiting two deferent domain 2",
              "fullTitle": "Cypress web security 2 Validate visiting two deferent domain 2",
              "timedOut": null,
              "duration": 5807,
              "state": "passed",
              "speed": "medium",
              "pass": true,
              "fail": false,
              "pending": false,
              "context": null,
              "code": "cy.visit(\"https://www.webdriveruniversity.com/\");\ncy.visit(\"https://www.automationteststore.com/\");",
              "err": {},
              "uuid": "7a618ca1-0d6d-4634-9c2c-8152976fc629",
              "parentUUID": "a98f1910-dad7-446b-8fc7-ed7ffc03a79c",
              "isHook": false,
              "skipped": false
            },
            {
              "title": "Validate visiting two deferent domain via user aqctions 2",
              "fullTitle": "Cypress web security 2 Validate visiting two deferent domain via user aqctions 2",
              "timedOut": null,
              "duration": 5173,
              "state": "passed",
              "speed": "medium",
              "pass": true,
              "fail": false,
              "pending": false,
              "context": null,
              "code": "cy.visit(\"https://www.webdriveruniversity.com/\");\ncy.get('#automation-test-store').invoke('removeAttr', 'target').click();",
              "err": {},
              "uuid": "b3f2106c-2889-415f-a059-965bbefea0d1",
              "parentUUID": "a98f1910-dad7-446b-8fc7-ed7ffc03a79c",
              "isHook": false,
              "skipped": false
            },
            {
              "title": "Orgin command",
              "fullTitle": "Cypress web security 2 Orgin command",
              "timedOut": null,
              "duration": 3865,
              "state": "passed",
              "speed": "fast",
              "pass": true,
              "fail": false,
              "pending": false,
              "context": null,
              "code": "// cy.origin('webdriveruniversity.com', () => {\n//     cy.visit('/');\n// });\n// cy.origin('automationteststore.com', () => {\n//     cy.visit('/');\n// });\ncy.visit(\"https://www.webdriveruniversity.com/\");\ncy.visit(\"https://www.selectors.webdriveruniversity.com/\");",
              "err": {},
              "uuid": "e57b2f3c-f2a8-44bb-83ab-85dbce5ff6fa",
              "parentUUID": "a98f1910-dad7-446b-8fc7-ed7ffc03a79c",
              "isHook": false,
              "skipped": false
            }
          ],
          "suites": [],
          "passes": [
            "7a618ca1-0d6d-4634-9c2c-8152976fc629",
            "b3f2106c-2889-415f-a059-965bbefea0d1",
            "e57b2f3c-f2a8-44bb-83ab-85dbce5ff6fa"
          ],
          "failures": [],
          "pending": [],
          "skipped": [],
          "duration": 14845,
          "root": false,
          "rootEmpty": false,
          "_timeout": 2000
        }
      ],
      "passes": [],
      "failures": [],
      "pending": [],
      "skipped": [],
      "duration": 0,
      "root": true,
      "rootEmpty": true,
      "_timeout": 2000
    },
    {
      "uuid": "588fd1dd-1111-418a-acbc-7fe94924261a",
      "title": "",
      "fullFile": "cypress\\e2e\\webdriver-uni\\autocomplete-dropdown-list.js",
      "file": "cypress\\e2e\\webdriver-uni\\autocomplete-dropdown-list.js",
      "beforeHooks": [],
      "afterHooks": [],
      "tests": [],
      "suites": [
        {
          "uuid": "d9225ab3-cdee-4380-9a2e-be32c972c2fb",
          "title": "Verify Autocomplete dropdown list",
          "fullFile": "",
          "file": "",
          "beforeHooks": [],
          "afterHooks": [],
          "tests": [
            {
              "title": "Select specific product via autocomplete list ",
              "fullTitle": "Verify Autocomplete dropdown list Select specific product via autocomplete list ",
              "timedOut": null,
              "duration": 2146,
              "state": "passed",
              "speed": "fast",
              "pass": true,
              "fail": false,
              "pending": false,
              "context": null,
              "code": "cy.visit(\"https://www.webdriveruniversity.com\");\ncy.get('#autocomplete-textfield').invoke('removeAttr', 'target').click({\n  force: true\n});\ncy.url().should('include', 'Autocomplete-TextField');\ncy.get('#myInput').type('A');\ncy.get('#myInputautocomplete-list>*').each(($el, index, $list) => {\n  const prod = $el.text();\n  const productToSelect = 'Avacado';\n  if (prod === productToSelect) {\n    // $el.click()\n    $el.trigger('click');\n    cy.get('#submit-button').click();\n    cy.url().should('include', productToSelect);\n  }\n});",
              "err": {},
              "uuid": "46e49a71-ecd2-4563-90a4-a6ab384c55ca",
              "parentUUID": "d9225ab3-cdee-4380-9a2e-be32c972c2fb",
              "isHook": false,
              "skipped": false
            },
            {
              "title": "Select and verify Grapes",
              "fullTitle": "Verify Autocomplete dropdown list Select and verify Grapes",
              "timedOut": null,
              "duration": 1089,
              "state": "passed",
              "speed": "fast",
              "pass": true,
              "fail": false,
              "pending": false,
              "context": null,
              "code": "cy.visit(\"https://www.webdriveruniversity.com\");\ncy.get('#autocomplete-textfield').invoke('removeAttr', 'target').click({\n  force: true\n});\ncy.url().should('include', 'Autocomplete-TextField');\ncy.get('#myInput').type('G');\ncy.get('#myInputautocomplete-list>*').each(($el, index, $list) => {\n  const prod = $el.text();\n  const productToSelect = 'Grapes';\n  if (prod === productToSelect) {\n    // $el.click()\n    $el.trigger('click');\n    cy.get('#submit-button').click();\n    cy.url().should('include', productToSelect);\n  }\n});",
              "err": {},
              "uuid": "e4e0e790-c6cf-4e0e-a3eb-c0859741083a",
              "parentUUID": "d9225ab3-cdee-4380-9a2e-be32c972c2fb",
              "isHook": false,
              "skipped": false
            }
          ],
          "suites": [],
          "passes": [
            "46e49a71-ecd2-4563-90a4-a6ab384c55ca",
            "e4e0e790-c6cf-4e0e-a3eb-c0859741083a"
          ],
          "failures": [],
          "pending": [],
          "skipped": [],
          "duration": 3235,
          "root": false,
          "rootEmpty": false,
          "_timeout": 2000
        }
      ],
      "passes": [],
      "failures": [],
      "pending": [],
      "skipped": [],
      "duration": 0,
      "root": true,
      "rootEmpty": true,
      "_timeout": 2000
    },
    {
      "uuid": "64a000f4-2920-4297-be30-2d0ab2120fd4",
      "title": "",
      "fullFile": "cypress\\e2e\\webdriver-uni\\browser-navigation.js",
      "file": "cypress\\e2e\\webdriver-uni\\browser-navigation.js",
      "beforeHooks": [],
      "afterHooks": [],
      "tests": [],
      "suites": [
        {
          "uuid": "dc9e275d-ec5b-4925-bc6e-5632a213010a",
          "title": "Validate webdriveruni homepage links",
          "fullFile": "",
          "file": "",
          "beforeHooks": [],
          "afterHooks": [],
          "tests": [
            {
              "title": "Confirm links redirect to the correct pages",
              "fullTitle": "Validate webdriveruni homepage links Confirm links redirect to the correct pages",
              "timedOut": null,
              "duration": 3865,
              "state": "passed",
              "speed": "fast",
              "pass": true,
              "fail": false,
              "pending": false,
              "context": null,
              "code": "cy.visit(\"https://www.webdriveruniversity.com\");\ncy.get('#contact-us').invoke('removeAttr', 'target').click({\n  force: true\n});\ncy.url().should('include', 'contactus');\ncy.go('back');\ncy.reload();\ncy.url().should('include', 'https://www.webdriveruniversity.com');\n// cy.reload(true)\ncy.go('forward');\ncy.url().should('include', 'contactus');\ncy.go('back');\ncy.get('#login-portal').invoke('removeAttr', 'target').click({\n  force: true\n});\ncy.url().should('include', 'Login-Portal');",
              "err": {},
              "uuid": "501d6fd2-032a-46df-a633-6607e02c4aa6",
              "parentUUID": "dc9e275d-ec5b-4925-bc6e-5632a213010a",
              "isHook": false,
              "skipped": false
            },
            {
              "title": "Challenge",
              "fullTitle": "Validate webdriveruni homepage links Challenge",
              "timedOut": null,
              "duration": 855,
              "state": "passed",
              "speed": "fast",
              "pass": true,
              "fail": false,
              "pending": false,
              "context": null,
              "code": "cy.visit(\"https://www.webdriveruniversity.com\");\ncy.get('#to-do-list').invoke('removeAttr', 'target').click({\n  force: true\n});\ncy.url().should('include', 'To-Do-List');\ncy.go('back');\ncy.url().should('eq', 'https://www.webdriveruniversity.com/');",
              "err": {},
              "uuid": "d495ebfb-067d-4c32-9c05-9ce4f2fcb3b0",
              "parentUUID": "dc9e275d-ec5b-4925-bc6e-5632a213010a",
              "isHook": false,
              "skipped": false
            }
          ],
          "suites": [],
          "passes": [
            "501d6fd2-032a-46df-a633-6607e02c4aa6",
            "d495ebfb-067d-4c32-9c05-9ce4f2fcb3b0"
          ],
          "failures": [],
          "pending": [],
          "skipped": [],
          "duration": 4720,
          "root": false,
          "rootEmpty": false,
          "_timeout": 2000
        }
      ],
      "passes": [],
      "failures": [],
      "pending": [],
      "skipped": [],
      "duration": 0,
      "root": true,
      "rootEmpty": true,
      "_timeout": 2000
    },
    {
      "uuid": "ce19e259-0dec-4b56-bdc3-f2bfeebdb0f9",
      "title": "",
      "fullFile": "cypress\\e2e\\webdriver-uni\\checkbox.js",
      "file": "cypress\\e2e\\webdriver-uni\\checkbox.js",
      "beforeHooks": [],
      "afterHooks": [],
      "tests": [],
      "suites": [
        {
          "uuid": "f7791074-1274-4de1-a645-4ca0573b5ed7",
          "title": "VErify checkboxes via webdriveruni",
          "fullFile": "",
          "file": "",
          "beforeHooks": [],
          "afterHooks": [],
          "tests": [
            {
              "title": "Check and validate checkbox",
              "fullTitle": "VErify checkboxes via webdriveruni Check and validate checkbox",
              "timedOut": null,
              "duration": 1505,
              "state": "passed",
              "speed": "fast",
              "pass": true,
              "fail": false,
              "pending": false,
              "context": null,
              "code": "cy.get('#checkboxes > :nth-child(1) > input').check().should('be.checked');\ncy.get('#checkboxes > :nth-child(1) > input').as('option-1');\ncy.get('@option-1').check().should('be.checked');\ncy.get(':nth-child(5) > input').as('option-3');\ncy.get('@option-3').uncheck().should('not.be.checked');",
              "err": {},
              "uuid": "8263212b-1a97-4878-82e4-8dd916f11f5c",
              "parentUUID": "f7791074-1274-4de1-a645-4ca0573b5ed7",
              "isHook": false,
              "skipped": false
            },
            {
              "title": "Check mutiple checkboxes",
              "fullTitle": "VErify checkboxes via webdriveruni Check mutiple checkboxes",
              "timedOut": null,
              "duration": 535,
              "state": "passed",
              "speed": "fast",
              "pass": true,
              "fail": false,
              "pending": false,
              "context": null,
              "code": "cy.get(\"input[type='checkbox']\").check(['option-1', 'option-2', 'option-3', 'option-4']).should('be.checked');",
              "err": {},
              "uuid": "c145a3ac-dcea-409d-9dcc-29300bd25ed4",
              "parentUUID": "f7791074-1274-4de1-a645-4ca0573b5ed7",
              "isHook": false,
              "skipped": false
            }
          ],
          "suites": [],
          "passes": [
            "8263212b-1a97-4878-82e4-8dd916f11f5c",
            "c145a3ac-dcea-409d-9dcc-29300bd25ed4"
          ],
          "failures": [],
          "pending": [],
          "skipped": [],
          "duration": 2040,
          "root": false,
          "rootEmpty": false,
          "_timeout": 2000
        }
      ],
      "passes": [],
      "failures": [],
      "pending": [],
      "skipped": [],
      "duration": 0,
      "root": true,
      "rootEmpty": true,
      "_timeout": 2000
    },
    {
      "uuid": "08efbedf-3645-4423-bb5b-3b19bf3cbe40",
      "title": "",
      "fullFile": "cypress\\e2e\\webdriver-uni\\contact-us.js",
      "file": "cypress\\e2e\\webdriver-uni\\contact-us.js",
      "beforeHooks": [],
      "afterHooks": [],
      "tests": [],
      "suites": [
        {
          "uuid": "7859523c-bdef-4601-8c87-2bb5803c12c1",
          "title": "Test contact US form via Webdriver",
          "fullFile": "",
          "file": "",
          "beforeHooks": [],
          "afterHooks": [],
          "tests": [
            {
              "title": "Should be able to subm,it a successful submission via contact us form",
              "fullTitle": "Test contact US form via Webdriver Should be able to subm,it a successful submission via contact us form",
              "timedOut": null,
              "duration": 5811,
              "state": "passed",
              "speed": "medium",
              "pass": true,
              "fail": false,
              "pending": false,
              "context": null,
              "code": "cy.document().should('have.property', 'charset').and('eq', 'UTF-8');\ncy.title().should('include', 'WebDriver | Contact Us');\ncy.url().should('include', 'Contact-Us');\nconst_Us_PO.conctactForm_Submisstion(data.first_name, data.last_name, data.email, data.comments, '#contact_reply', 'Thank You for your Message!');",
              "err": {},
              "uuid": "a01659f8-fd7a-48eb-b24f-7a2dfcd4e146",
              "parentUUID": "7859523c-bdef-4601-8c87-2bb5803c12c1",
              "isHook": false,
              "skipped": false
            },
            {
              "title": "Should not be able to subm,it a successful submission via contact us form as all fileds are requred",
              "fullTitle": "Test contact US form via Webdriver Should not be able to subm,it a successful submission via contact us form as all fileds are requred",
              "timedOut": null,
              "duration": 3153,
              "state": "passed",
              "speed": "fast",
              "pass": true,
              "fail": false,
              "pending": false,
              "context": null,
              "code": "const_Us_PO.conctactForm_Submisstion(data.first_name, data.last_name, \" \", data.comments, 'body', 'Error: Invalid email address');",
              "err": {},
              "uuid": "a171c7f3-e121-49f9-8687-cd764b310c2b",
              "parentUUID": "7859523c-bdef-4601-8c87-2bb5803c12c1",
              "isHook": false,
              "skipped": false
            }
          ],
          "suites": [],
          "passes": [
            "a01659f8-fd7a-48eb-b24f-7a2dfcd4e146",
            "a171c7f3-e121-49f9-8687-cd764b310c2b"
          ],
          "failures": [],
          "pending": [],
          "skipped": [],
          "duration": 8964,
          "root": false,
          "rootEmpty": false,
          "_timeout": 2000
        }
      ],
      "passes": [],
      "failures": [],
      "pending": [],
      "skipped": [],
      "duration": 0,
      "root": true,
      "rootEmpty": true,
      "_timeout": 2000
    },
    {
      "uuid": "e24fb6db-753c-46a0-9e10-5260581f29e9",
      "title": "",
      "fullFile": "cypress\\e2e\\webdriver-uni\\data-tables.js",
      "file": "cypress\\e2e\\webdriver-uni\\data-tables.js",
      "beforeHooks": [],
      "afterHooks": [],
      "tests": [],
      "suites": [
        {
          "uuid": "f320a433-707a-4253-834a-09f9fd174e69",
          "title": "Handling data via webdriveruni",
          "fullFile": "",
          "file": "",
          "beforeHooks": [],
          "afterHooks": [],
          "tests": [
            {
              "title": "Calculate and assert total age of all users",
              "fullTitle": "Handling data via webdriveruni Calculate and assert total age of all users",
              "timedOut": null,
              "duration": 1705,
              "state": "passed",
              "speed": "fast",
              "pass": true,
              "fail": false,
              "pending": false,
              "context": null,
              "code": "var userDetails = [];\nlet numb = 0;\ncy.get('#thumbnail-1 td').each(($el, index, $list) => {\n  userDetails[index] = $el.text();\n}).then(() => {\n  var i;\n  for (i = 0; i < userDetails.length; i++) {\n    // cy.log(userDetails[i])\n    if (Number(userDetails[i])) {\n      numb += Number(userDetails[i]);\n    }\n  }\n  cy.log(\"Found total age: \" + numb);\n  expect(numb).to.eq(322);\n});",
              "err": {},
              "uuid": "96ccf079-7a67-4169-9f15-1048a1a4452f",
              "parentUUID": "f320a433-707a-4253-834a-09f9fd174e69",
              "isHook": false,
              "skipped": false
            },
            {
              "title": "Calculate and assert the age of a given user based on last name",
              "fullTitle": "Handling data via webdriveruni Calculate and assert the age of a given user based on last name",
              "timedOut": null,
              "duration": 452,
              "state": "passed",
              "speed": "fast",
              "pass": true,
              "fail": false,
              "pending": false,
              "context": null,
              "code": "cy.get('#thumbnail-1 tr td:nth-child(2)').each(($el, index, $list) => {\n  const text = $el.text();\n  if (text.includes('Woods')) {\n    cy.get('#thumbnail-1 tr td:nth-child(2)').eq(index).next().then(age => {\n      const userAge = age.text();\n      expect(userAge).to.equal('80');\n    });\n  }\n});",
              "err": {},
              "uuid": "c0bccfe6-fec9-4f29-b3c8-42b36cde8952",
              "parentUUID": "f320a433-707a-4253-834a-09f9fd174e69",
              "isHook": false,
              "skipped": false
            }
          ],
          "suites": [],
          "passes": [
            "96ccf079-7a67-4169-9f15-1048a1a4452f",
            "c0bccfe6-fec9-4f29-b3c8-42b36cde8952"
          ],
          "failures": [],
          "pending": [],
          "skipped": [],
          "duration": 2157,
          "root": false,
          "rootEmpty": false,
          "_timeout": 2000
        }
      ],
      "passes": [],
      "failures": [],
      "pending": [],
      "skipped": [],
      "duration": 0,
      "root": true,
      "rootEmpty": true,
      "_timeout": 2000
    },
    {
      "uuid": "88f9dfeb-5af9-4b1e-b61c-c891ceb04e00",
      "title": "",
      "fullFile": "cypress\\e2e\\webdriver-uni\\datepicker.js",
      "file": "cypress\\e2e\\webdriver-uni\\datepicker.js",
      "beforeHooks": [],
      "afterHooks": [],
      "tests": [],
      "suites": [
        {
          "uuid": "45bd7850-1745-4cd3-8756-1f360b8d71f3",
          "title": "Test Datepicker via webdriveruni",
          "fullFile": "",
          "file": "",
          "beforeHooks": [],
          "afterHooks": [],
          "tests": [
            {
              "title": "Select date from date picker",
              "fullTitle": "Test Datepicker via webdriveruni Select date from date picker",
              "timedOut": null,
              "duration": 4825,
              "state": "passed",
              "speed": "fast",
              "pass": true,
              "fail": false,
              "pending": false,
              "context": null,
              "code": "cy.get('#datepicker').click();\n// let date = new Date();\n// date.setDate(date.getDate()) // get current date\n// cy.log(date.getDate())\n// let date2 = new Date();\n// date2.setDate(date.getDate() + 5)\n// cy.log(date2.getDate())\nvar date = new Date();\ndate.setDate(date.getDate() + 386);\nvar futureYear = date.getFullYear();\nvar futureMounth = date.toLocaleString('default', {\n  month: \"long\"\n});\nvar futureDay = date.getDate();\ncy.log(\"Future year to select: \" + futureYear);\ncy.log(\"Future mounth to select: \" + futureMounth);\ncy.log(\"Future day to select: \" + futureDay);\nfunction selectMounthAndYear() {\n  cy.get('.datepicker-dropdown').find('.datepicker-switch').first().then(currentDate => {\n    if (!currentDate.text().includes(futureYear)) {\n      cy.get('.next').first().click();\n      selectMounthAndYear();\n    }\n  }).then(() => {\n    cy.get('.datepicker-dropdown').find('.datepicker-switch').first().then(currentDate => {\n      if (!currentDate.text().includes(futureMounth)) {\n        cy.get('.next').first().click();\n        selectMounthAndYear();\n      }\n    });\n  });\n}\nfunction selectFutureDay() {\n  cy.get('[class=\"day\"]').contains(futureDay).click();\n}\nselectMounthAndYear();\nselectFutureDay();\n// expect(cy.get('#datepicker').text()).to.equal('111111111111111')",
              "err": {},
              "uuid": "58bf1000-e9bb-43c8-bab6-550f51b12d97",
              "parentUUID": "45bd7850-1745-4cd3-8756-1f360b8d71f3",
              "isHook": false,
              "skipped": false
            }
          ],
          "suites": [],
          "passes": [
            "58bf1000-e9bb-43c8-bab6-550f51b12d97"
          ],
          "failures": [],
          "pending": [],
          "skipped": [],
          "duration": 4825,
          "root": false,
          "rootEmpty": false,
          "_timeout": 2000
        }
      ],
      "passes": [],
      "failures": [],
      "pending": [],
      "skipped": [],
      "duration": 0,
      "root": true,
      "rootEmpty": true,
      "_timeout": 2000
    },
    {
      "uuid": "76e9f96d-9128-4918-874c-21f8d9d1f905",
      "title": "",
      "fullFile": "cypress\\e2e\\webdriver-uni\\iframe.js",
      "file": "cypress\\e2e\\webdriver-uni\\iframe.js",
      "beforeHooks": [],
      "afterHooks": [],
      "tests": [],
      "suites": [
        {
          "uuid": "6955f2b8-5c25-4639-9ab3-2782da23ba67",
          "title": "Hadling IFrame and Modules",
          "fullFile": "",
          "file": "",
          "beforeHooks": [],
          "afterHooks": [],
          "tests": [
            {
              "title": "Handle webdriveruni iframe and module",
              "fullTitle": "Hadling IFrame and Modules Handle webdriveruni iframe and module",
              "timedOut": null,
              "duration": 2800,
              "state": "passed",
              "speed": "fast",
              "pass": true,
              "fail": false,
              "pending": false,
              "context": null,
              "code": "cy.visit(\"https://www.webdriveruniversity.com\");\ncy.get('#iframe').invoke('removeAttr', 'target').click({\n  force: true\n});\ncy.url().should('include', 'IFrame');\ncy.get('#frame').then($iframe => {\n  const body = $iframe.contents().find('body');\n  cy.wrap(body).as('iframe');\n});\ncy.get('@iframe').find('#button-find-out-more').click();\ncy.get('@iframe').find('#myModal').as('modal');\ncy.get('@modal').should($expectText => {\n  const text = $expectText.text();\n  expect(text).to.include('Welcome to webdriveruniversity.com we sell a wide range of electrical goods such as laptops, game consoles, cameras...');\n});\ncy.get('@modal').contains('Close').click();",
              "err": {},
              "uuid": "50dc6bf6-bd81-4947-8bab-2010b6e1d553",
              "parentUUID": "6955f2b8-5c25-4639-9ab3-2782da23ba67",
              "isHook": false,
              "skipped": false
            }
          ],
          "suites": [],
          "passes": [
            "50dc6bf6-bd81-4947-8bab-2010b6e1d553"
          ],
          "failures": [],
          "pending": [],
          "skipped": [],
          "duration": 2800,
          "root": false,
          "rootEmpty": false,
          "_timeout": 2000
        }
      ],
      "passes": [],
      "failures": [],
      "pending": [],
      "skipped": [],
      "duration": 0,
      "root": true,
      "rootEmpty": true,
      "_timeout": 2000
    },
    {
      "uuid": "cd3bf80c-63b1-45e1-896d-6d965dfefc6e",
      "title": "",
      "fullFile": "cypress\\e2e\\webdriver-uni\\js-alerts.js",
      "file": "cypress\\e2e\\webdriver-uni\\js-alerts.js",
      "beforeHooks": [],
      "afterHooks": [],
      "tests": [],
      "suites": [
        {
          "uuid": "05d7d318-6871-47b3-a434-0372798bee00",
          "title": "Handle js alerts",
          "fullFile": "",
          "file": "",
          "beforeHooks": [],
          "afterHooks": [],
          "tests": [
            {
              "title": "Confirm js alerts contains corect text",
              "fullTitle": "Handle js alerts Confirm js alerts contains corect text",
              "timedOut": null,
              "duration": 1526,
              "state": "passed",
              "speed": "fast",
              "pass": true,
              "fail": false,
              "pending": false,
              "context": null,
              "code": "cy.visit(\"https://www.webdriveruniversity.com\");\ncy.get('#popup-alerts').invoke('removeAttr', 'target').click({\n  force: true\n});\ncy.url().should('include', 'Popup-Alerts');\ncy.get('#button1').click();\ncy.on('window:alert', str => {\n  expect(str).equal('I am an alert box!');\n});",
              "err": {},
              "uuid": "e5c0bd06-80a6-4772-8460-1ce2dc76f6db",
              "parentUUID": "05d7d318-6871-47b3-a434-0372798bee00",
              "isHook": false,
              "skipped": false
            },
            {
              "title": "Validate js confirm alert box works correctly when click confirm",
              "fullTitle": "Handle js alerts Validate js confirm alert box works correctly when click confirm",
              "timedOut": null,
              "duration": 494,
              "state": "passed",
              "speed": "fast",
              "pass": true,
              "fail": false,
              "pending": false,
              "context": null,
              "code": "cy.visit(\"https://www.webdriveruniversity.com\");\ncy.get('#popup-alerts').invoke('removeAttr', 'target').click({\n  force: true\n});\ncy.url().should('include', 'Popup-Alerts');\ncy.get('#button4').click();\ncy.on('window:confirm', str => {\n  return true;\n});\ncy.get('#confirm-alert-text').contains('You pressed OK!');",
              "err": {},
              "uuid": "ebad4eed-52ed-4e7b-813f-b31b9db54983",
              "parentUUID": "05d7d318-6871-47b3-a434-0372798bee00",
              "isHook": false,
              "skipped": false
            },
            {
              "title": "Validate js confirm alert box works correctly when click cansel button",
              "fullTitle": "Handle js alerts Validate js confirm alert box works correctly when click cansel button",
              "timedOut": null,
              "duration": 501,
              "state": "passed",
              "speed": "fast",
              "pass": true,
              "fail": false,
              "pending": false,
              "context": null,
              "code": "cy.visit(\"https://www.webdriveruniversity.com\");\ncy.get('#popup-alerts').invoke('removeAttr', 'target').click({\n  force: true\n});\ncy.url().should('include', 'Popup-Alerts');\ncy.get('#button4').click();\ncy.on('window:confirm', str => {\n  return false;\n});\ncy.get('#confirm-alert-text').contains('You pressed Cancel!');",
              "err": {},
              "uuid": "756a258f-01f4-447f-8e9a-86ac9e5a5510",
              "parentUUID": "05d7d318-6871-47b3-a434-0372798bee00",
              "isHook": false,
              "skipped": false
            },
            {
              "title": "Validate js confirm alert box using a stub",
              "fullTitle": "Handle js alerts Validate js confirm alert box using a stub",
              "timedOut": null,
              "duration": 433,
              "state": "passed",
              "speed": "fast",
              "pass": true,
              "fail": false,
              "pending": false,
              "context": null,
              "code": "cy.visit(\"https://www.webdriveruniversity.com\");\ncy.get('#popup-alerts').invoke('removeAttr', 'target').click({\n  force: true\n});\ncy.url().should('include', 'Popup-Alerts');\nconst stub = cy.stub();\ncy.on('window:confirm', stub);\ncy.get('#button4').click().then(() => {\n  expect(stub.getCall(0)).to.be.calledWith('Press a button!');\n}).then(() => {\n  return true;\n}).then(() => {\n  cy.get('#confirm-alert-text').contains('You pressed OK!');\n});",
              "err": {},
              "uuid": "34a9cbda-dac4-4a83-a399-7fe08a8f8948",
              "parentUUID": "05d7d318-6871-47b3-a434-0372798bee00",
              "isHook": false,
              "skipped": false
            }
          ],
          "suites": [],
          "passes": [
            "e5c0bd06-80a6-4772-8460-1ce2dc76f6db",
            "ebad4eed-52ed-4e7b-813f-b31b9db54983",
            "756a258f-01f4-447f-8e9a-86ac9e5a5510",
            "34a9cbda-dac4-4a83-a399-7fe08a8f8948"
          ],
          "failures": [],
          "pending": [],
          "skipped": [],
          "duration": 2954,
          "root": false,
          "rootEmpty": false,
          "_timeout": 2000
        }
      ],
      "passes": [],
      "failures": [],
      "pending": [],
      "skipped": [],
      "duration": 0,
      "root": true,
      "rootEmpty": true,
      "_timeout": 2000
    },
    {
      "uuid": "a4517ea1-dba5-422d-bda6-0c3986391bbf",
      "title": "",
      "fullFile": "cypress\\e2e\\webdriver-uni\\mouse-actions.js",
      "file": "cypress\\e2e\\webdriver-uni\\mouse-actions.js",
      "beforeHooks": [],
      "afterHooks": [],
      "tests": [],
      "suites": [
        {
          "uuid": "724d3147-c290-4dc1-8071-518ed217489e",
          "title": "Test mouse actions",
          "fullFile": "",
          "file": "",
          "beforeHooks": [],
          "afterHooks": [],
          "tests": [
            {
              "title": "Scroll element into view",
              "fullTitle": "Test mouse actions Scroll element into view",
              "timedOut": null,
              "duration": 1613,
              "state": "passed",
              "speed": "fast",
              "pass": true,
              "fail": false,
              "pending": false,
              "context": null,
              "code": "cy.visit(\"https://www.webdriveruniversity.com\");\ncy.get('#actions').scrollIntoView().invoke('removeAttr', 'target').click({\n  force: true\n});\ncy.url().should('include', 'Actions');",
              "err": {},
              "uuid": "35721d6b-b7b3-4e42-a67b-9f0e66308812",
              "parentUUID": "724d3147-c290-4dc1-8071-518ed217489e",
              "isHook": false,
              "skipped": false
            },
            {
              "title": "I should be able to drag and drop a draggable item",
              "fullTitle": "Test mouse actions I should be able to drag and drop a draggable item",
              "timedOut": null,
              "duration": 611,
              "state": "passed",
              "speed": "fast",
              "pass": true,
              "fail": false,
              "pending": false,
              "context": null,
              "code": "cy.visit(\"https://www.webdriveruniversity.com\");\ncy.get('#actions').scrollIntoView().invoke('removeAttr', 'target').click({\n  force: true\n});\ncy.url().should('include', 'Actions');\ncy.get('#draggable').trigger('mousedown', {\n  which: 1\n});\ncy.get('#droppable').trigger('mousemove').trigger('mouseup', {\n  force: true\n});",
              "err": {},
              "uuid": "be90b14a-dd5f-4be3-9f69-9aa2ccf523ee",
              "parentUUID": "724d3147-c290-4dc1-8071-518ed217489e",
              "isHook": false,
              "skipped": false
            },
            {
              "title": "Double click",
              "fullTitle": "Test mouse actions Double click",
              "timedOut": null,
              "duration": 555,
              "state": "passed",
              "speed": "fast",
              "pass": true,
              "fail": false,
              "pending": false,
              "context": null,
              "code": "cy.visit(\"https://www.webdriveruniversity.com\");\ncy.get('#actions').scrollIntoView().invoke('removeAttr', 'target').click({\n  force: true\n});\ncy.url().should('include', 'Actions');\ncy.get('#double-click').dblclick();",
              "err": {},
              "uuid": "08b087f5-f088-46ae-97fa-6bbde08a17a1",
              "parentUUID": "724d3147-c290-4dc1-8071-518ed217489e",
              "isHook": false,
              "skipped": false
            },
            {
              "title": "I should be able hold down the left mouse click button on a give item",
              "fullTitle": "Test mouse actions I should be able hold down the left mouse click button on a give item",
              "timedOut": null,
              "duration": 485,
              "state": "passed",
              "speed": "fast",
              "pass": true,
              "fail": false,
              "pending": false,
              "context": null,
              "code": "cy.visit(\"https://www.webdriveruniversity.com\");\ncy.get('#actions').scrollIntoView().invoke('removeAttr', 'target').click({\n  force: true\n});\ncy.url().should('include', 'Actions');\ncy.get('#click-box').trigger('mousedown', {\n  which: 1\n}).then($element => {\n  expect($element).to.have.css('background-color', 'rgb(0, 255, 0)');\n});",
              "err": {},
              "uuid": "28e7f306-ed33-456e-999b-b8a21c0ebf63",
              "parentUUID": "724d3147-c290-4dc1-8071-518ed217489e",
              "isHook": false,
              "skipped": false
            }
          ],
          "suites": [],
          "passes": [
            "35721d6b-b7b3-4e42-a67b-9f0e66308812",
            "be90b14a-dd5f-4be3-9f69-9aa2ccf523ee",
            "08b087f5-f088-46ae-97fa-6bbde08a17a1",
            "28e7f306-ed33-456e-999b-b8a21c0ebf63"
          ],
          "failures": [],
          "pending": [],
          "skipped": [],
          "duration": 3264,
          "root": false,
          "rootEmpty": false,
          "_timeout": 2000
        }
      ],
      "passes": [],
      "failures": [],
      "pending": [],
      "skipped": [],
      "duration": 0,
      "root": true,
      "rootEmpty": true,
      "_timeout": 2000
    },
    {
      "uuid": "03d20cbb-a470-4f02-9d6b-5ba27348c3a1",
      "title": "",
      "fullFile": "cypress\\e2e\\webdriver-uni\\radio-button.js",
      "file": "cypress\\e2e\\webdriver-uni\\radio-button.js",
      "beforeHooks": [],
      "afterHooks": [],
      "tests": [],
      "suites": [
        {
          "uuid": "f99f7310-5c40-49ca-892a-2040882fe399",
          "title": "Verify radio buttons via webdriveruni",
          "fullFile": "",
          "file": "",
          "beforeHooks": [],
          "afterHooks": [],
          "tests": [
            {
              "title": "Check specific radio button",
              "fullTitle": "Verify radio buttons via webdriveruni Check specific radio button",
              "timedOut": null,
              "duration": 1720,
              "state": "passed",
              "speed": "fast",
              "pass": true,
              "fail": false,
              "pending": false,
              "context": null,
              "code": "cy.get('#radio-buttons').find(\"[type='radio']\").first().check();\ncy.get('#radio-buttons').find(\"[type='radio']\").eq(1).check();",
              "err": {},
              "uuid": "f62bfc5d-5ad7-4439-bcbd-8d47c0848e02",
              "parentUUID": "f99f7310-5c40-49ca-892a-2040882fe399",
              "isHook": false,
              "skipped": false
            },
            {
              "title": "Validate the states of specific radio button",
              "fullTitle": "Verify radio buttons via webdriveruni Validate the states of specific radio button",
              "timedOut": null,
              "duration": 644,
              "state": "passed",
              "speed": "fast",
              "pass": true,
              "fail": false,
              "pending": false,
              "context": null,
              "code": "cy.get(\"[value='lettuce']\").should('not.be.checked');\ncy.get(\"[value='pumpkin']\").should('be.checked');\ncy.get(\"[value='lettuce']\").check();\ncy.get(\"[value='lettuce']\").should('be.checked');\ncy.get(\"[value='pumpkin']\").should('not.be.checked');\ncy.get(\"[value='cabbage']\").should('be.disabled');",
              "err": {},
              "uuid": "fad8fbdc-c56b-462b-9679-34ad90e7d6d6",
              "parentUUID": "f99f7310-5c40-49ca-892a-2040882fe399",
              "isHook": false,
              "skipped": false
            }
          ],
          "suites": [],
          "passes": [
            "f62bfc5d-5ad7-4439-bcbd-8d47c0848e02",
            "fad8fbdc-c56b-462b-9679-34ad90e7d6d6"
          ],
          "failures": [],
          "pending": [],
          "skipped": [],
          "duration": 2364,
          "root": false,
          "rootEmpty": false,
          "_timeout": 2000
        }
      ],
      "passes": [],
      "failures": [],
      "pending": [],
      "skipped": [],
      "duration": 0,
      "root": true,
      "rootEmpty": true,
      "_timeout": 2000
    },
    {
      "uuid": "e64f00bf-cf16-4792-b1eb-e38727779230",
      "title": "",
      "fullFile": "cypress\\e2e\\webdriver-uni\\select-dropdown-list.js",
      "file": "cypress\\e2e\\webdriver-uni\\select-dropdown-list.js",
      "beforeHooks": [],
      "afterHooks": [],
      "tests": [],
      "suites": [
        {
          "uuid": "2dd62373-c12f-4501-b5ca-a9804e69013c",
          "title": "Ineract with dropdown list via webdriveruni",
          "fullFile": "",
          "file": "",
          "beforeHooks": [],
          "afterHooks": [],
          "tests": [
            {
              "title": "Select specific value via select dropdown list",
              "fullTitle": "Ineract with dropdown list via webdriveruni Select specific value via select dropdown list",
              "timedOut": null,
              "duration": 2542,
              "state": "passed",
              "speed": "fast",
              "pass": true,
              "fail": false,
              "pending": false,
              "context": null,
              "code": "cy.visit(\"https://www.webdriveruniversity.com\");\ncy.get('#dropdown-checkboxes-radiobuttons').invoke('removeAttr', 'target').click({\n  force: true\n});\ncy.url().should('include', 'Dropdown-Checkboxes-RadioButtons');\ncy.get('#dropdowm-menu-1').select('c#');\ncy.get('#dropdowm-menu-2').select('testng').should('have.value', 'testng');\ncy.get('#dropdowm-menu-3').select('JQuery').contains('JQuery');\ncy.get('#dropdowm-menu-2').select('maven').should('have.value', 'maven');\ncy.get('#dropdowm-menu-2').select('TestNG').contains('TestNG');",
              "err": {},
              "uuid": "77e29d33-2ad8-4a8a-9d54-708951f5009d",
              "parentUUID": "2dd62373-c12f-4501-b5ca-a9804e69013c",
              "isHook": false,
              "skipped": false
            }
          ],
          "suites": [],
          "passes": [
            "77e29d33-2ad8-4a8a-9d54-708951f5009d"
          ],
          "failures": [],
          "pending": [],
          "skipped": [],
          "duration": 2542,
          "root": false,
          "rootEmpty": false,
          "_timeout": 2000
        }
      ],
      "passes": [],
      "failures": [],
      "pending": [],
      "skipped": [],
      "duration": 0,
      "root": true,
      "rootEmpty": true,
      "_timeout": 2000
    },
    {
      "uuid": "cb36c78d-32e2-40b8-be03-a148fc275383",
      "title": "",
      "fullFile": "cypress\\e2e\\webdriver-uni\\traversing-elements.js",
      "file": "cypress\\e2e\\webdriver-uni\\traversing-elements.js",
      "beforeHooks": [],
      "afterHooks": [],
      "tests": [],
      "suites": [
        {
          "uuid": "fca8aec8-81ad-4308-8a9c-b082b3c6afaf",
          "title": "Traversing DOM elements in Cypress",
          "fullFile": "",
          "file": "",
          "beforeHooks": [],
          "afterHooks": [],
          "tests": [
            {
              "title": "children() to get the children of DOM elements",
              "fullTitle": "Traversing DOM elements in Cypress children() to get the children of DOM elements",
              "timedOut": null,
              "duration": 1367,
              "state": "passed",
              "speed": "fast",
              "pass": true,
              "fail": false,
              "pending": false,
              "context": null,
              "code": "cy.get('.traversal-breadcrumb').children('.active').should('contain', 'Contact Us');",
              "err": {},
              "uuid": "afbd03a0-f06d-438e-bf69-49d3febb5922",
              "parentUUID": "fca8aec8-81ad-4308-8a9c-b082b3c6afaf",
              "isHook": false,
              "skipped": false
            },
            {
              "title": "closest() to validate the closest ancestor DOM element",
              "fullTitle": "Traversing DOM elements in Cypress closest() to validate the closest ancestor DOM element",
              "timedOut": null,
              "duration": 408,
              "state": "passed",
              "speed": "fast",
              "pass": true,
              "fail": false,
              "pending": false,
              "context": null,
              "code": "cy.get('.traversal-badge').closest('ul').should('have.class', 'list-group');",
              "err": {},
              "uuid": "d2f11163-2738-46f0-b7c7-d4746b14ea87",
              "parentUUID": "fca8aec8-81ad-4308-8a9c-b082b3c6afaf",
              "isHook": false,
              "skipped": false
            },
            {
              "title": "eq() to retrieve a specific element based on index",
              "fullTitle": "Traversing DOM elements in Cypress eq() to retrieve a specific element based on index",
              "timedOut": null,
              "duration": 354,
              "state": "passed",
              "speed": "fast",
              "pass": true,
              "fail": false,
              "pending": false,
              "context": null,
              "code": "cy.get('.traversal-drinks-list>*').eq(2).should('contain', 'Milk');",
              "err": {},
              "uuid": "f7d7321b-02ad-466b-8555-fb368ac88dae",
              "parentUUID": "fca8aec8-81ad-4308-8a9c-b082b3c6afaf",
              "isHook": false,
              "skipped": false
            },
            {
              "title": "filter() to retrieve DOM elements that match a specific selector",
              "fullTitle": "Traversing DOM elements in Cypress filter() to retrieve DOM elements that match a specific selector",
              "timedOut": null,
              "duration": 388,
              "state": "passed",
              "speed": "fast",
              "pass": true,
              "fail": false,
              "pending": false,
              "context": null,
              "code": "cy.get('.btn-group-toggle>*').filter('.active').should('contain', 'Button-1');",
              "err": {},
              "uuid": "721f0bdc-3ed4-4201-a037-a657ab7025b8",
              "parentUUID": "fca8aec8-81ad-4308-8a9c-b082b3c6afaf",
              "isHook": false,
              "skipped": false
            },
            {
              "title": "find() to retrieve DOM elements of a given selector",
              "fullTitle": "Traversing DOM elements in Cypress find() to retrieve DOM elements of a given selector",
              "timedOut": null,
              "duration": 393,
              "state": "passed",
              "speed": "fast",
              "pass": true,
              "fail": false,
              "pending": false,
              "context": null,
              "code": "cy.get('.traversal-pagination').find('li').find('a').should('have.length', 7);",
              "err": {},
              "uuid": "d88b6773-6ff2-45f6-9616-23d8f72fcdfb",
              "parentUUID": "fca8aec8-81ad-4308-8a9c-b082b3c6afaf",
              "isHook": false,
              "skipped": false
            },
            {
              "title": "first() to retrieve the first DOM element within elements ",
              "fullTitle": "Traversing DOM elements in Cypress first() to retrieve the first DOM element within elements ",
              "timedOut": null,
              "duration": 353,
              "state": "passed",
              "speed": "fast",
              "pass": true,
              "fail": false,
              "pending": false,
              "context": null,
              "code": "cy.get('.traversal-table>tbody>tr>td').first().should('contain', 'Andy');",
              "err": {},
              "uuid": "f379306c-d3a6-4a35-a438-6d848fdd907d",
              "parentUUID": "fca8aec8-81ad-4308-8a9c-b082b3c6afaf",
              "isHook": false,
              "skipped": false
            },
            {
              "title": "last() to retrieve the last DOM element within elements",
              "fullTitle": "Traversing DOM elements in Cypress last() to retrieve the last DOM element within elements",
              "timedOut": null,
              "duration": 387,
              "state": "passed",
              "speed": "fast",
              "pass": true,
              "fail": false,
              "pending": false,
              "context": null,
              "code": "cy.get('.traversal-table>tbody>tr>td').last().should('contain', 'Scott');",
              "err": {},
              "uuid": "45c56e4e-21b1-4b16-9a88-c2e9ba25db19",
              "parentUUID": "fca8aec8-81ad-4308-8a9c-b082b3c6afaf",
              "isHook": false,
              "skipped": false
            },
            {
              "title": "nextAll() to get all of the next sibling DOM elements within elements",
              "fullTitle": "Traversing DOM elements in Cypress nextAll() to get all of the next sibling DOM elements within elements",
              "timedOut": null,
              "duration": 472,
              "state": "passed",
              "speed": "fast",
              "pass": true,
              "fail": false,
              "pending": false,
              "context": null,
              "code": "cy.get('.traversal-drinks-list>[id=\"tea\"]').nextAll().should('have.length', 3);",
              "err": {},
              "uuid": "a6575081-3ada-4186-ae1b-99cde8e399ae",
              "parentUUID": "fca8aec8-81ad-4308-8a9c-b082b3c6afaf",
              "isHook": false,
              "skipped": false
            },
            {
              "title": "nextUntil() to get all of the next sibling DOM elements within elements until another element",
              "fullTitle": "Traversing DOM elements in Cypress nextUntil() to get all of the next sibling DOM elements within elements until another element",
              "timedOut": null,
              "duration": 367,
              "state": "passed",
              "speed": "fast",
              "pass": true,
              "fail": false,
              "pending": false,
              "context": null,
              "code": "cy.get('.traversal-drinks-list>[id=\"tea\"]').nextUntil().should('contain', 'Milk');",
              "err": {},
              "uuid": "dd9e8365-ccca-4cbb-9b72-976cafb2844e",
              "parentUUID": "fca8aec8-81ad-4308-8a9c-b082b3c6afaf",
              "isHook": false,
              "skipped": false
            },
            {
              "title": "not() to remove DOM element(s) from the set of elements",
              "fullTitle": "Traversing DOM elements in Cypress not() to remove DOM element(s) from the set of elements",
              "timedOut": null,
              "duration": 406,
              "state": "passed",
              "speed": "fast",
              "pass": true,
              "fail": false,
              "pending": false,
              "context": null,
              "code": "cy.get('.traversal-button-states>button').not('.disabled').should('not.have.class', 'disabled');",
              "err": {},
              "uuid": "cab64a48-7427-40e2-8d11-40d13aa4b0f8",
              "parentUUID": "fca8aec8-81ad-4308-8a9c-b082b3c6afaf",
              "isHook": false,
              "skipped": false
            },
            {
              "title": "parent() To get parent DOM element of elements",
              "fullTitle": "Traversing DOM elements in Cypress parent() To get parent DOM element of elements",
              "timedOut": null,
              "duration": 384,
              "state": "passed",
              "speed": "fast",
              "pass": true,
              "fail": false,
              "pending": false,
              "context": null,
              "code": "cy.get('.traversal-mark').parent().should('contain', 'Lorem ipsum dolor sit amet, consectetur adipiscing elit');\ncy.get('.traversal-mark').parent().should('contain', 'Platea dictumst quisque sagittis purus sit amet volutpat consequat.');",
              "err": {},
              "uuid": "a53692ea-6a9d-4576-8fb6-2363cd98dcb4",
              "parentUUID": "fca8aec8-81ad-4308-8a9c-b082b3c6afaf",
              "isHook": false,
              "skipped": false
            },
            {
              "title": "parents() to get parents DOM element of elements",
              "fullTitle": "Traversing DOM elements in Cypress parents() to get parents DOM element of elements",
              "timedOut": null,
              "duration": 377,
              "state": "passed",
              "speed": "fast",
              "pass": true,
              "fail": false,
              "pending": false,
              "context": null,
              "code": "cy.get('.traversal-cite').parents().should('match', 'blockquote');",
              "err": {},
              "uuid": "74896918-475b-437e-b5aa-9644ca0d00d3",
              "parentUUID": "fca8aec8-81ad-4308-8a9c-b082b3c6afaf",
              "isHook": false,
              "skipped": false
            },
            {
              "title": "prev() to get the previous sibling DOM element within elements",
              "fullTitle": "Traversing DOM elements in Cypress prev() to get the previous sibling DOM element within elements",
              "timedOut": null,
              "duration": 399,
              "state": "passed",
              "speed": "fast",
              "pass": true,
              "fail": false,
              "pending": false,
              "context": null,
              "code": "cy.get('.traversal-drinks-list>[id=\"sugar\"]').prev().contains('Espresso');",
              "err": {},
              "uuid": "74c3bedb-49ce-4b9f-aeea-cf4c0ddf857b",
              "parentUUID": "fca8aec8-81ad-4308-8a9c-b082b3c6afaf",
              "isHook": false,
              "skipped": false
            },
            {
              "title": "prevAll() to get all previous sibling DOM elements within elements",
              "fullTitle": "Traversing DOM elements in Cypress prevAll() to get all previous sibling DOM elements within elements",
              "timedOut": null,
              "duration": 359,
              "state": "passed",
              "speed": "fast",
              "pass": true,
              "fail": false,
              "pending": false,
              "context": null,
              "code": "cy.get('.traversal-drinks-list>[id=\"sugar\"]').prevAll().should('have.length', 4);",
              "err": {},
              "uuid": "4292f36f-224c-499e-a725-7ac7137f38d8",
              "parentUUID": "fca8aec8-81ad-4308-8a9c-b082b3c6afaf",
              "isHook": false,
              "skipped": false
            },
            {
              "title": "prevUntil() to get all previous sibling DOM elements within elements until other element",
              "fullTitle": "Traversing DOM elements in Cypress prevUntil() to get all previous sibling DOM elements within elements until other element",
              "timedOut": null,
              "duration": 367,
              "state": "passed",
              "speed": "fast",
              "pass": true,
              "fail": false,
              "pending": false,
              "context": null,
              "code": "cy.get('#veggie').prevUntil('#fruits').should('have.length', 5);",
              "err": {},
              "uuid": "fe28a4c9-53b5-4be5-9d5b-c33732e3ed55",
              "parentUUID": "fca8aec8-81ad-4308-8a9c-b082b3c6afaf",
              "isHook": false,
              "skipped": false
            },
            {
              "title": "siblings() To get all sibling DOM elements of elements",
              "fullTitle": "Traversing DOM elements in Cypress siblings() To get all sibling DOM elements of elements",
              "timedOut": null,
              "duration": 350,
              "state": "passed",
              "speed": "fast",
              "pass": true,
              "fail": false,
              "pending": false,
              "context": null,
              "code": "cy.get('.traversal-button-other-states .active').siblings().should('have.length', 3);",
              "err": {},
              "uuid": "c600186c-3b58-441d-ac4f-a9b3873dd22a",
              "parentUUID": "fca8aec8-81ad-4308-8a9c-b082b3c6afaf",
              "isHook": false,
              "skipped": false
            }
          ],
          "suites": [],
          "passes": [
            "afbd03a0-f06d-438e-bf69-49d3febb5922",
            "d2f11163-2738-46f0-b7c7-d4746b14ea87",
            "f7d7321b-02ad-466b-8555-fb368ac88dae",
            "721f0bdc-3ed4-4201-a037-a657ab7025b8",
            "d88b6773-6ff2-45f6-9616-23d8f72fcdfb",
            "f379306c-d3a6-4a35-a438-6d848fdd907d",
            "45c56e4e-21b1-4b16-9a88-c2e9ba25db19",
            "a6575081-3ada-4186-ae1b-99cde8e399ae",
            "dd9e8365-ccca-4cbb-9b72-976cafb2844e",
            "cab64a48-7427-40e2-8d11-40d13aa4b0f8",
            "a53692ea-6a9d-4576-8fb6-2363cd98dcb4",
            "74896918-475b-437e-b5aa-9644ca0d00d3",
            "74c3bedb-49ce-4b9f-aeea-cf4c0ddf857b",
            "4292f36f-224c-499e-a725-7ac7137f38d8",
            "fe28a4c9-53b5-4be5-9d5b-c33732e3ed55",
            "c600186c-3b58-441d-ac4f-a9b3873dd22a"
          ],
          "failures": [],
          "pending": [],
          "skipped": [],
          "duration": 7131,
          "root": false,
          "rootEmpty": false,
          "_timeout": 2000
        }
      ],
      "passes": [],
      "failures": [],
      "pending": [],
      "skipped": [],
      "duration": 0,
      "root": true,
      "rootEmpty": true,
      "_timeout": 2000
    },
    {
      "uuid": "bc32722a-eb40-49f3-b4e2-15bbd01083c9",
      "title": "",
      "fullFile": "cypress\\e2e\\webdriver-uni\\upload-file.js",
      "file": "cypress\\e2e\\webdriver-uni\\upload-file.js",
      "beforeHooks": [],
      "afterHooks": [],
      "tests": [],
      "suites": [
        {
          "uuid": "9f8bf1a1-55ca-4a53-af60-5b33dd821bce",
          "title": "Test file upload via webdriveruni",
          "fullFile": "",
          "file": "",
          "beforeHooks": [],
          "afterHooks": [],
          "tests": [
            {
              "title": "Upload a file ...",
              "fullTitle": "Test file upload via webdriveruni Upload a file ...",
              "timedOut": null,
              "duration": 1594,
              "state": "passed",
              "speed": "fast",
              "pass": true,
              "fail": false,
              "pending": false,
              "context": null,
              "code": "cy.get('#myFile').selectFile(\"cypress/fixtures/kompas.jfif\");\ncy.get('#submit-button').click();\ncy.on('window:alert', str => {\n  expect(str).equal('Your file has now been uploaded!');\n});",
              "err": {},
              "uuid": "d537d987-58e2-4f9e-a59b-420aef496dfb",
              "parentUUID": "9f8bf1a1-55ca-4a53-af60-5b33dd821bce",
              "isHook": false,
              "skipped": false
            },
            {
              "title": "Upload No file...",
              "fullTitle": "Test file upload via webdriveruni Upload No file...",
              "timedOut": null,
              "duration": 627,
              "state": "passed",
              "speed": "fast",
              "pass": true,
              "fail": false,
              "pending": false,
              "context": null,
              "code": "cy.get('#submit-button').click();\ncy.on('window:alert', str => {\n  expect(str).equal('You need to select a file to upload!');\n});",
              "err": {},
              "uuid": "eb2a15c1-70c6-4a77-bcdb-1a1a89fc0f4b",
              "parentUUID": "9f8bf1a1-55ca-4a53-af60-5b33dd821bce",
              "isHook": false,
              "skipped": false
            }
          ],
          "suites": [],
          "passes": [
            "d537d987-58e2-4f9e-a59b-420aef496dfb",
            "eb2a15c1-70c6-4a77-bcdb-1a1a89fc0f4b"
          ],
          "failures": [],
          "pending": [],
          "skipped": [],
          "duration": 2221,
          "root": false,
          "rootEmpty": false,
          "_timeout": 2000
        }
      ],
      "passes": [],
      "failures": [],
      "pending": [],
      "skipped": [],
      "duration": 0,
      "root": true,
      "rootEmpty": true,
      "_timeout": 2000
    },
    {
      "uuid": "f9b2096e-7608-40ef-9300-98b6669efc98",
      "title": "",
      "fullFile": "cypress\\e2e\\OLD\\1-getting-started\\todo.cy.js",
      "file": "cypress\\e2e\\OLD\\1-getting-started\\todo.cy.js",
      "beforeHooks": [],
      "afterHooks": [],
      "tests": [],
      "suites": [
        {
          "uuid": "55635b1f-6c45-4eb6-b8fd-af09ec9e3483",
          "title": "example to-do app",
          "fullFile": "",
          "file": "",
          "beforeHooks": [],
          "afterHooks": [],
          "tests": [
            {
              "title": "displays two todo items by default",
              "fullTitle": "example to-do app displays two todo items by default",
              "timedOut": null,
              "duration": 1378,
              "state": "passed",
              "speed": "fast",
              "pass": true,
              "fail": false,
              "pending": false,
              "context": null,
              "code": "// We use the `cy.get()` command to get all elements that match the selector.\n// Then, we use `should` to assert that there are two matched items,\n// which are the two default items.\ncy.get('.todo-list li').should('have.length', 2);\n// We can go even further and check that the default todos each contain\n// the correct text. We use the `first` and `last` functions\n// to get just the first and last matched elements individually,\n// and then perform an assertion with `should`.\ncy.get('.todo-list li').first().should('have.text', 'Pay electric bill');\ncy.get('.todo-list li').last().should('have.text', 'Walk the dog');",
              "err": {},
              "uuid": "0f6ae362-c716-49e9-8f06-1133b3dd32d5",
              "parentUUID": "55635b1f-6c45-4eb6-b8fd-af09ec9e3483",
              "isHook": false,
              "skipped": false
            },
            {
              "title": "can add new todo items",
              "fullTitle": "example to-do app can add new todo items",
              "timedOut": null,
              "duration": 659,
              "state": "passed",
              "speed": "fast",
              "pass": true,
              "fail": false,
              "pending": false,
              "context": null,
              "code": "// We'll store our item text in a variable so we can reuse it\nconst newItem = 'Feed the cat';\n// Let's get the input element and use the `type` command to\n// input our new list item. After typing the content of our item,\n// we need to type the enter key as well in order to submit the input.\n// This input has a data-test attribute so we'll use that to select the\n// element in accordance with best practices:\n// https://on.cypress.io/selecting-elements\ncy.get('[data-test=new-todo]').type(`${newItem}{enter}`);\n// Now that we've typed our new item, let's check that it actually was added to the list.\n// Since it's the newest item, it should exist as the last element in the list.\n// In addition, with the two default items, we should have a total of 3 elements in the list.\n// Since assertions yield the element that was asserted on,\n// we can chain both of these assertions together into a single statement.\ncy.get('.todo-list li').should('have.length', 3).last().should('have.text', newItem);",
              "err": {},
              "uuid": "43b5d515-1a7a-4029-a2f9-a134443fbfaf",
              "parentUUID": "55635b1f-6c45-4eb6-b8fd-af09ec9e3483",
              "isHook": false,
              "skipped": false
            },
            {
              "title": "can check off an item as completed",
              "fullTitle": "example to-do app can check off an item as completed",
              "timedOut": null,
              "duration": 409,
              "state": "passed",
              "speed": "fast",
              "pass": true,
              "fail": false,
              "pending": false,
              "context": null,
[...]
            "9bfb6baf-6c83-4206-a2e6-a28918a39230",
            "4ce06538-cffd-4520-9629-dabcb2f31745",
            "ab826c5c-72de-4f02-956b-4ce6e258cc81",
            "2c960b44-9b7b-490b-beef-8d404d690182",
            "9024972a-7deb-4a18-878a-2c07c0df2a68",
            "b4fdf770-9096-45f3-a465-ab4e311ff7b3",
            "753509e0-a96b-46ac-bcb9-065f132e2c39",
            "1f05698b-38e4-40ab-8434-d36a90f8e141",
            "ece93f42-6040-4217-95ab-d0995487a021",
            "b5abf90c-054b-4d14-b2da-1b11d50d2b2f"
          ],
          "failures": [],
          "pending": [],
          "skipped": [],
          "duration": 5533,
          "root": false,
          "rootEmpty": false,
          "_timeout": 2000
        }
      ],
      "passes": [],
      "failures": [],
      "pending": [],
      "skipped": [],
      "duration": 0,
      "root": true,
      "rootEmpty": true,
      "_timeout": 2000
    },
    {
      "uuid": "d237e7fb-77e4-4907-a91f-8fe7a34dccb9",
      "title": "",
      "fullFile": "cypress\\e2e\\OLD\\2-advanced-examples\\utilities.cy.js",
      "file": "cypress\\e2e\\OLD\\2-advanced-examples\\utilities.cy.js",
      "beforeHooks": [],
      "afterHooks": [],
      "tests": [],
      "suites": [
        {
          "uuid": "a592dd59-7a00-49fe-8fac-29500b7a9f46",
          "title": "Utilities",
          "fullFile": "",
          "file": "",
          "beforeHooks": [],
          "afterHooks": [],
          "tests": [
            {
              "title": "Cypress._ - call a lodash method",
              "fullTitle": "Utilities Cypress._ - call a lodash method",
              "timedOut": null,
              "duration": 1462,
              "state": "passed",
              "speed": "fast",
              "pass": true,
              "fail": false,
              "pending": false,
              "context": null,
              "code": "// https://on.cypress.io/_\ncy.request('https://jsonplaceholder.cypress.io/users').then(response => {\n  let ids = Cypress._.chain(response.body).map('id').take(3).value();\n  expect(ids).to.deep.eq([1, 2, 3]);\n});",
              "err": {},
              "uuid": "86c80b6e-072a-4566-8f37-e47fb5eaf08e",
              "parentUUID": "a592dd59-7a00-49fe-8fac-29500b7a9f46",
              "isHook": false,
              "skipped": false
            },
            {
              "title": "Cypress.$ - call a jQuery method",
              "fullTitle": "Utilities Cypress.$ - call a jQuery method",
              "timedOut": null,
              "duration": 1201,
              "state": "passed",
              "speed": "fast",
              "pass": true,
              "fail": false,
              "pending": false,
              "context": null,
              "code": "// https://on.cypress.io/$\nlet $li = Cypress.$('.utility-jquery li:first');\ncy.wrap($li).should('not.have.class', 'active').click().should('have.class', 'active');",
              "err": {},
              "uuid": "340724fc-5784-48d5-b4fc-7512af79ad26",
              "parentUUID": "a592dd59-7a00-49fe-8fac-29500b7a9f46",
              "isHook": false,
              "skipped": false
            },
            {
              "title": "Cypress.Blob - blob utilities and base64 string conversion",
              "fullTitle": "Utilities Cypress.Blob - blob utilities and base64 string conversion",
              "timedOut": null,
              "duration": 609,
              "state": "passed",
              "speed": "fast",
              "pass": true,
              "fail": false,
              "pending": false,
              "context": null,
              "code": "// https://on.cypress.io/blob\ncy.get('.utility-blob').then($div => {\n  // https://github.com/nolanlawson/blob-util#imgSrcToDataURL\n  // get the dataUrl string for the javascript-logo\n  return Cypress.Blob.imgSrcToDataURL('https://example.cypress.io/assets/img/javascript-logo.png', undefined, 'anonymous').then(dataUrl => {\n    // create an <img> element and set its src to the dataUrl\n    let img = Cypress.$('<img />', {\n      src: dataUrl\n    });\n    // need to explicitly return cy here since we are initially returning\n    // the Cypress.Blob.imgSrcToDataURL promise to our test\n    // append the image\n    $div.append(img);\n    cy.get('.utility-blob img').click().should('have.attr', 'src', dataUrl);\n  });\n});",
              "err": {},
              "uuid": "2233c754-a7e6-461c-a50c-b1d08be9701f",
              "parentUUID": "a592dd59-7a00-49fe-8fac-29500b7a9f46",
              "isHook": false,
              "skipped": false
            },
            {
              "title": "Cypress.minimatch - test out glob patterns against strings",
              "fullTitle": "Utilities Cypress.minimatch - test out glob patterns against strings",
              "timedOut": null,
              "duration": 185,
              "state": "passed",
              "speed": "fast",
              "pass": true,
              "fail": false,
              "pending": false,
              "context": null,
              "code": "// https://on.cypress.io/minimatch\nlet matching = Cypress.minimatch('/users/1/comments', '/users/*/comments', {\n  matchBase: true\n});\nexpect(matching, 'matching wildcard').to.be.true;\nmatching = Cypress.minimatch('/users/1/comments/2', '/users/*/comments', {\n  matchBase: true\n});\nexpect(matching, 'comments').to.be.false;\n// ** matches against all downstream path segments\nmatching = Cypress.minimatch('/foo/bar/baz/123/quux?a=b&c=2', '/foo/**', {\n  matchBase: true\n});\nexpect(matching, 'comments').to.be.true;\n// whereas * matches only the next path segment\nmatching = Cypress.minimatch('/foo/bar/baz/123/quux?a=b&c=2', '/foo/*', {\n  matchBase: false\n});\nexpect(matching, 'comments').to.be.false;",
              "err": {},
              "uuid": "193a0cce-0157-4c35-a38c-e15c3ecb592c",
              "parentUUID": "a592dd59-7a00-49fe-8fac-29500b7a9f46",
              "isHook": false,
              "skipped": false
            },
            {
              "title": "Cypress.Promise - instantiate a bluebird promise",
              "fullTitle": "Utilities Cypress.Promise - instantiate a bluebird promise",
              "timedOut": null,
              "duration": 1199,
              "state": "passed",
              "speed": "fast",
              "pass": true,
              "fail": false,
              "pending": false,
              "context": null,
              "code": "// https://on.cypress.io/promise\nlet waited = false;\n/**\n * @return Bluebird<string>\n */\nfunction waitOneSecond() {\n  // return a promise that resolves after 1 second\n  return new Cypress.Promise((resolve, reject) => {\n    setTimeout(() => {\n      // set waited to true\n      waited = true;\n      // resolve with 'foo' string\n      resolve('foo');\n    }, 1000);\n  });\n}\ncy.then(() => {\n  // return a promise to cy.then() that\n  // is awaited until it resolves\n  return waitOneSecond().then(str => {\n    expect(str).to.eq('foo');\n    expect(waited).to.be.true;\n  });\n});",
              "err": {},
              "uuid": "6086ee9a-e56a-41b6-b1b6-7c92e9738a93",
              "parentUUID": "a592dd59-7a00-49fe-8fac-29500b7a9f46",
              "isHook": false,
              "skipped": false
            }
          ],
          "suites": [],
          "passes": [
            "86c80b6e-072a-4566-8f37-e47fb5eaf08e",
            "340724fc-5784-48d5-b4fc-7512af79ad26",
            "2233c754-a7e6-461c-a50c-b1d08be9701f",
            "193a0cce-0157-4c35-a38c-e15c3ecb592c",
            "6086ee9a-e56a-41b6-b1b6-7c92e9738a93"
          ],
          "failures": [],
          "pending": [],
          "skipped": [],
          "duration": 4656,
          "root": false,
          "rootEmpty": false,
          "_timeout": 2000
        }
      ],
      "passes": [],
      "failures": [],
      "pending": [],
      "skipped": [],
      "duration": 0,
      "root": true,
      "rootEmpty": true,
      "_timeout": 2000
    },
    {
      "uuid": "b6dfec31-b7e9-4467-9110-3df2da3f14cf",
      "title": "",
      "fullFile": "cypress\\e2e\\OLD\\2-advanced-examples\\viewport.cy.js",
      "file": "cypress\\e2e\\OLD\\2-advanced-examples\\viewport.cy.js",
      "beforeHooks": [],
      "afterHooks": [],
      "tests": [],
      "suites": [
        {
          "uuid": "9954f118-f36b-49dd-83e3-f85b7ceb4e66",
          "title": "Viewport",
          "fullFile": "",
          "file": "",
          "beforeHooks": [],
          "afterHooks": [],
          "tests": [
            {
              "title": "cy.viewport() - set the viewport size and dimension",
              "fullTitle": "Viewport cy.viewport() - set the viewport size and dimension",
              "timedOut": null,
              "duration": 3719,
              "state": "passed",
              "speed": "fast",
              "pass": true,
              "fail": false,
              "pending": false,
              "context": null,
              "code": "// https://on.cypress.io/viewport\ncy.get('#navbar').should('be.visible');\ncy.viewport(320, 480);\n// the navbar should have collapse since our screen is smaller\ncy.get('#navbar').should('not.be.visible');\ncy.get('.navbar-toggle').should('be.visible').click();\ncy.get('.nav').find('a').should('be.visible');\n// lets see what our app looks like on a super large screen\ncy.viewport(2999, 2999);\n// cy.viewport() accepts a set of preset sizes\n// to easily set the screen to a device's width and height\n// We added a cy.wait() between each viewport change so you can see\n// the change otherwise it is a little too fast to see :)\ncy.viewport('macbook-15');\ncy.wait(200);\ncy.viewport('macbook-13');\ncy.wait(200);\ncy.viewport('macbook-11');\ncy.wait(200);\ncy.viewport('ipad-2');\ncy.wait(200);\ncy.viewport('ipad-mini');\ncy.wait(200);\ncy.viewport('iphone-6+');\ncy.wait(200);\ncy.viewport('iphone-6');\ncy.wait(200);\ncy.viewport('iphone-5');\ncy.wait(200);\ncy.viewport('iphone-4');\ncy.wait(200);\ncy.viewport('iphone-3');\ncy.wait(200);\n// cy.viewport() accepts an orientation for all presets\n// the default orientation is 'portrait'\ncy.viewport('ipad-2', 'portrait');\ncy.wait(200);\ncy.viewport('iphone-4', 'landscape');\ncy.wait(200);\n// The viewport will be reset back to the default dimensions\n// in between tests (the  default can be set in cypress.config.{js|ts})",
              "err": {},
              "uuid": "5b15fb13-7e65-4962-9599-0818bbb4a884",
              "parentUUID": "9954f118-f36b-49dd-83e3-f85b7ceb4e66",
              "isHook": false,
              "skipped": false
            }
          ],
          "suites": [],
          "passes": [
            "5b15fb13-7e65-4962-9599-0818bbb4a884"
          ],
          "failures": [],
          "pending": [],
          "skipped": [],
          "duration": 3719,
          "root": false,
          "rootEmpty": false,
          "_timeout": 2000
        }
      ],
      "passes": [],
      "failures": [],
      "pending": [],
      "skipped": [],
      "duration": 0,
      "root": true,
      "rootEmpty": true,
      "_timeout": 2000
    },
    {
      "uuid": "8ac06439-63d2-44db-bf8d-b5997b6f2e89",
      "title": "",
      "fullFile": "cypress\\e2e\\OLD\\2-advanced-examples\\waiting.cy.js",
      "file": "cypress\\e2e\\OLD\\2-advanced-examples\\waiting.cy.js",
      "beforeHooks": [],
      "afterHooks": [],
      "tests": [],
      "suites": [
        {
          "uuid": "c858bf1e-7740-4c5c-874a-5c50cd1291c3",
          "title": "Waiting",
          "fullFile": "",
          "file": "",
          "beforeHooks": [],
          "afterHooks": [],
          "tests": [
            {
              "title": "cy.wait() - wait for a specific amount of time",
              "fullTitle": "Waiting cy.wait() - wait for a specific amount of time",
              "timedOut": null,
              "duration": 4995,
              "state": "passed",
              "speed": "fast",
              "pass": true,
              "fail": false,
              "pending": false,
              "context": null,
              "code": "cy.get('.wait-input1').type('Wait 1000ms after typing');\ncy.wait(1000);\ncy.get('.wait-input2').type('Wait 1000ms after typing');\ncy.wait(1000);\ncy.get('.wait-input3').type('Wait 1000ms after typing');\ncy.wait(1000);",
              "err": {},
              "uuid": "f2b8fb31-b681-418e-be37-544224481beb",
              "parentUUID": "c858bf1e-7740-4c5c-874a-5c50cd1291c3",
              "isHook": false,
              "skipped": false
            },
            {
              "title": "cy.wait() - wait for a specific route",
              "fullTitle": "Waiting cy.wait() - wait for a specific route",
              "timedOut": null,
              "duration": 727,
              "state": "passed",
              "speed": "fast",
              "pass": true,
              "fail": false,
              "pending": false,
              "context": null,
              "code": "// Listen to GET to comments/1\ncy.intercept('GET', '**/comments/*').as('getComment');\n// we have code that gets a comment when\n// the button is clicked in scripts.js\ncy.get('.network-btn').click();\n// wait for GET comments/1\ncy.wait('@getComment').its('response.statusCode').should('be.oneOf', [200, 304]);",
              "err": {},
              "uuid": "6cbdd98a-6edc-4a98-8d3d-e871d203db14",
              "parentUUID": "c858bf1e-7740-4c5c-874a-5c50cd1291c3",
              "isHook": false,
              "skipped": false
            }
          ],
          "suites": [],
          "passes": [
            "f2b8fb31-b681-418e-be37-544224481beb",
            "6cbdd98a-6edc-4a98-8d3d-e871d203db14"
          ],
          "failures": [],
          "pending": [],
          "skipped": [],
          "duration": 5722,
          "root": false,
          "rootEmpty": false,
          "_timeout": 2000
        }
      ],
      "passes": [],
      "failures": [],
      "pending": [],
      "skipped": [],
      "duration": 0,
      "root": true,
      "rootEmpty": true,
      "_timeout": 2000
    },
    {
      "uuid": "52870516-31c2-4d3d-a768-05a1ae7ef566",
      "title": "",
      "fullFile": "cypress\\e2e\\OLD\\2-advanced-examples\\window.cy.js",
      "file": "cypress\\e2e\\OLD\\2-advanced-examples\\window.cy.js",
      "beforeHooks": [],
      "afterHooks": [],
      "tests": [],
      "suites": [
        {
          "uuid": "c610c30b-c661-4123-a36e-9e7ab0d6cbbc",
          "title": "Window",
          "fullFile": "",
          "file": "",
          "beforeHooks": [],
          "afterHooks": [],
          "tests": [
            {
              "title": "cy.window() - get the global window object",
              "fullTitle": "Window cy.window() - get the global window object",
              "timedOut": null,
              "duration": 639,
              "state": "passed",
              "speed": "fast",
              "pass": true,
              "fail": false,
              "pending": false,
              "context": null,
              "code": "// https://on.cypress.io/window\ncy.window().should('have.property', 'top');",
              "err": {},
              "uuid": "16f210bd-5da7-4f00-bebd-fe2f1cbb5b40",
              "parentUUID": "c610c30b-c661-4123-a36e-9e7ab0d6cbbc",
              "isHook": false,
              "skipped": false
            },
            {
              "title": "cy.document() - get the document object",
              "fullTitle": "Window cy.document() - get the document object",
              "timedOut": null,
              "duration": 209,
              "state": "passed",
              "speed": "fast",
              "pass": true,
              "fail": false,
              "pending": false,
              "context": null,
              "code": "// https://on.cypress.io/document\ncy.document().should('have.property', 'charset').and('eq', 'UTF-8');",
              "err": {},
              "uuid": "6654d4f8-2b8d-470b-b074-f17f2f2dee3c",
              "parentUUID": "c610c30b-c661-4123-a36e-9e7ab0d6cbbc",
              "isHook": false,
              "skipped": false
            },
            {
              "title": "cy.title() - get the title",
              "fullTitle": "Window cy.title() - get the title",
              "timedOut": null,
              "duration": 179,
              "state": "passed",
              "speed": "fast",
              "pass": true,
              "fail": false,
              "pending": false,
              "context": null,
              "code": "// https://on.cypress.io/title\ncy.title().should('include', 'Kitchen Sink');",
              "err": {},
              "uuid": "248fee83-2037-4dab-8d92-d1e0239c527a",
              "parentUUID": "c610c30b-c661-4123-a36e-9e7ab0d6cbbc",
              "isHook": false,
              "skipped": false
            }
          ],
          "suites": [],
          "passes": [
            "16f210bd-5da7-4f00-bebd-fe2f1cbb5b40",
            "6654d4f8-2b8d-470b-b074-f17f2f2dee3c",
            "248fee83-2037-4dab-8d92-d1e0239c527a"
          ],
          "failures": [],
          "pending": [],
          "skipped": [],
          "duration": 1027,
          "root": false,
          "rootEmpty": false,
          "_timeout": 2000
        }
      ],
      "passes": [],
      "failures": [],
      "pending": [],
      "skipped": [],
      "duration": 0,
      "root": true,
      "rootEmpty": true,
      "_timeout": 2000
    },
    {
      "uuid": "80e77a8e-d6ad-4b95-970a-4d3ac9c0fb4e",
      "title": "",
      "fullFile": "cypress\\e2e\\automation-test-store\\add-multiple-items-to-basket.js",
      "file": "cypress\\e2e\\automation-test-store\\add-multiple-items-to-basket.js",
      "beforeHooks": [],
      "afterHooks": [],
      "tests": [],
      "suites": [
        {
          "uuid": "114f6693-9127-4c45-8852-32ddd98b5d3f",
          "title": "Add multiple items to basket",
          "fullFile": "",
          "file": "",
          "beforeHooks": [],
          "afterHooks": [],
          "tests": [
            {
              "title": "Add multiple items",
              "fullTitle": "Add multiple items to basket Add multiple items",
              "timedOut": null,
              "duration": 5495,
              "state": "passed",
              "speed": "medium",
              "pass": true,
              "fail": false,
              "pending": false,
              "context": null,
              "code": "// globalThis.data.productName.forEach(function(element) {\n//     cy.addProductToBasket(element)\n// })\n// cy.get('.dropdown-toggle > .fa').click()\nautoStore_HairCare_PO.addHairCareProductsToBasket();",
              "err": {},
              "uuid": "7c358cec-6107-42fb-9668-2a571eb42337",
              "parentUUID": "114f6693-9127-4c45-8852-32ddd98b5d3f",
              "isHook": false,
              "skipped": false
            }
          ],
          "suites": [],
          "passes": [
            "7c358cec-6107-42fb-9668-2a571eb42337"
          ],
          "failures": [],
          "pending": [],
          "skipped": [],
          "duration": 5495,
          "root": false,
          "rootEmpty": false,
          "_timeout": 2000
        }
      ],
      "passes": [],
      "failures": [],
      "pending": [],
      "skipped": [],
      "duration": 0,
      "root": true,
      "rootEmpty": true,
      "_timeout": 2000
    }
  ],
  "meta": {
    "mocha": {
      "version": "7.0.1"
    },
    "mochawesome": {
      "options": {
        "quiet": false,
        "reportFilename": "mochawesome",
        "saveHtml": false,
        "saveJson": true,
        "consoleReporter": "spec",
        "useInlineDiffs": false,
        "code": true
      },
      "version": "7.1.3"
    },
    "marge": {
      "options": {
        "id": "default",
        "reportDir": "cypress/results/mochawesome",
        "quite": true,
        "overwrite": false,
        "html": false,
        "json": true
      },
      "version": "6.2.0"
    }
  }
}